
<coverage line-rate="0.7223587223587223" branch-rate="0.7223587223587223" version="1.9" timestamp="1584805882">
  <sources>
    <source>/home/andrewmiranti/Documents/Michelson</source>
  </sources>
  <packages>
    <package name="" line-rate="0.7223587223587223" branch-rate="0.7223587223587223" complexity="407.0">
      <classes>
        
<class name="michelson-common.k" filename="michelson-common.k" line-rate="0.2857142857142857" branch-rate="0.2857142857142857" complexity="14.0">
  <lines>
    
<line number="53" hits="0" branch="false"/>

<line number="47" hits="0" branch="false"/>

<line number="43" hits="82" branch="false"/>

<line number="52" hits="0" branch="false"/>

<line number="42" hits="81" branch="false"/>

<line number="55" hits="0" branch="false"/>

<line number="49" hits="0" branch="false"/>

<line number="56" hits="0" branch="false"/>

<line number="46" hits="0" branch="false"/>

<line number="54" hits="0" branch="false"/>

<line number="50" hits="0" branch="false"/>

<line number="40" hits="4937" branch="false"/>

<line number="45" hits="5" branch="false"/>

<line number="48" hits="0" branch="false"/>

  </lines>
</class>

<class name="michelson-config.k" filename="michelson-config.k" line-rate="1.0" branch-rate="1.0" complexity="1.0">
  <lines>
    
<line number="9" hits="42" branch="false"/>

  </lines>
</class>

<class name="michelson.k" filename="michelson.k" line-rate="0.867741935483871" branch-rate="0.867741935483871" complexity="310.0">
  <lines>
    
<line number="287" hits="0" branch="false"/>

<line number="522" hits="14" branch="false"/>

<line number="760" hits="4" branch="false"/>

<line number="734" hits="33" branch="false"/>

<line number="128" hits="27" branch="false"/>

<line number="540" hits="0" branch="false"/>

<line number="482" hits="3" branch="false"/>

<line number="238" hits="17" branch="false"/>

<line number="767" hits="2" branch="false"/>

<line number="458" hits="4" branch="false"/>

<line number="452" hits="5" branch="false"/>

<line number="311" hits="1" branch="false"/>

<line number="173" hits="6" branch="false"/>

<line number="396" hits="3" branch="false"/>

<line number="132" hits="0" branch="false"/>

<line number="726" hits="18" branch="false"/>

<line number="431" hits="13" branch="false"/>

<line number="808" hits="1" branch="false"/>

<line number="385" hits="27" branch="false"/>

<line number="647" hits="17" branch="false"/>

<line number="502" hits="1" branch="false"/>

<line number="174" hits="5" branch="false"/>

<line number="83" hits="108" branch="false"/>

<line number="612" hits="5" branch="false"/>

<line number="705" hits="1" branch="false"/>

<line number="68" hits="0" branch="false"/>

<line number="170" hits="0" branch="false"/>

<line number="929" hits="918" branch="false"/>

<line number="301" hits="694" branch="false"/>

<line number="557" hits="12" branch="false"/>

<line number="31" hits="18" branch="false"/>

<line number="894" hits="4" branch="false"/>

<line number="406" hits="1" branch="false"/>

<line number="146" hits="1" branch="false"/>

<line number="637" hits="5" branch="false"/>

<line number="696" hits="4" branch="false"/>

<line number="330" hits="5" branch="false"/>

<line number="721" hits="5" branch="false"/>

<line number="153" hits="2" branch="false"/>

<line number="109" hits="9" branch="false"/>

<line number="469" hits="83" branch="false"/>

<line number="901" hits="2" branch="false"/>

<line number="572" hits="10" branch="false"/>

<line number="222" hits="1" branch="false"/>

<line number="920" hits="5" branch="false"/>

<line number="689" hits="8" branch="false"/>

<line number="178" hits="6" branch="false"/>

<line number="439" hits="6" branch="false"/>

<line number="519" hits="1" branch="false"/>

<line number="177" hits="7" branch="false"/>

<line number="904" hits="2" branch="false"/>

<line number="533" hits="59" branch="false"/>

<line number="209" hits="981" branch="false"/>

<line number="171" hits="0" branch="false"/>

<line number="210" hits="473" branch="false"/>

<line number="187" hits="476" branch="false"/>

<line number="907" hits="2" branch="false"/>

<line number="673" hits="1" branch="false"/>

<line number="851" hits="5" branch="false"/>

<line number="48" hits="2" branch="false"/>

<line number="244" hits="4" branch="false"/>

<line number="135" hits="2" branch="false"/>

<line number="448" hits="2" branch="false"/>

<line number="628" hits="29" branch="false"/>

<line number="751" hits="8" branch="false"/>

<line number="231" hits="1" branch="false"/>

<line number="817" hits="1" branch="false"/>

<line number="498" hits="7" branch="false"/>

<line number="272" hits="0" branch="false"/>

<line number="179" hits="24" branch="false"/>

<line number="93" hits="62" branch="false"/>

<line number="769" hits="0" branch="false"/>

<line number="898" hits="2" branch="false"/>

<line number="466" hits="2" branch="false"/>

<line number="358" hits="13" branch="false"/>

<line number="250" hits="0" branch="false"/>

<line number="445" hits="5" branch="false"/>

<line number="785" hits="4" branch="false"/>

<line number="455" hits="3" branch="false"/>

<line number="916" hits="5" branch="false"/>

<line number="625" hits="5" branch="false"/>

<line number="408" hits="76" branch="false"/>

<line number="189" hits="0" branch="false"/>

<line number="506" hits="9" branch="false"/>

<line number="569" hits="9" branch="false"/>

<line number="235" hits="19" branch="false"/>

<line number="619" hits="3" branch="false"/>

<line number="201" hits="0" branch="false"/>

<line number="861" hits="0" branch="false"/>

<line number="527" hits="59" branch="false"/>

<line number="347" hits="4" branch="false"/>

<line number="367" hits="54" branch="false"/>

<line number="566" hits="11" branch="false"/>

<line number="601" hits="115" branch="false"/>

<line number="529" hits="1" branch="false"/>

<line number="204" hits="0" branch="false"/>

<line number="593" hits="1" branch="false"/>

<line number="340" hits="1" branch="false"/>

<line number="924" hits="9" branch="false"/>

<line number="219" hits="1" branch="false"/>

<line number="743" hits="11" branch="false"/>

<line number="61" hits="163" branch="false"/>

<line number="516" hits="1" branch="false"/>

<line number="258" hits="1" branch="false"/>

<line number="575" hits="30" branch="false"/>

<line number="835" hits="0" branch="false"/>

<line number="546" hits="0" branch="false"/>

<line number="112" hits="2" branch="false"/>

<line number="105" hits="21" branch="false"/>

<line number="605" hits="6" branch="false"/>

<line number="715" hits="12" branch="false"/>

<line number="78" hits="36" branch="false"/>

<line number="841" hits="2" branch="false"/>

<line number="28" hits="6" branch="false"/>

<line number="121" hits="74" branch="false"/>

<line number="626" hits="0" branch="false"/>

<line number="825" hits="1" branch="false"/>

<line number="66" hits="0" branch="false"/>

<line number="930" hits="1356" branch="false"/>

<line number="291" hits="0" branch="false"/>

<line number="59" hits="25" branch="false"/>

<line number="757" hits="4" branch="false"/>

<line number="97" hits="5" branch="false"/>

<line number="180" hits="108" branch="false"/>

<line number="708" hits="1" branch="false"/>

<line number="849" hits="4" branch="false"/>

<line number="60" hits="83" branch="false"/>

<line number="181" hits="36" branch="false"/>

<line number="74" hits="26" branch="false"/>

<line number="186" hits="505" branch="false"/>

<line number="910" hits="1" branch="false"/>

<line number="771" hits="2" branch="false"/>

<line number="261" hits="0" branch="false"/>

<line number="299" hits="300" branch="false"/>

<line number="658" hits="10" branch="false"/>

<line number="137" hits="2" branch="false"/>

<line number="342" hits="3" branch="false"/>

<line number="931" hits="918" branch="false"/>

<line number="255" hits="6" branch="false"/>

<line number="661" hits="6" branch="false"/>

<line number="603" hits="59" branch="false"/>

<line number="793" hits="2" branch="false"/>

<line number="631" hits="5" branch="false"/>

<line number="821" hits="1" branch="false"/>

<line number="107" hits="6" branch="false"/>

<line number="859" hits="0" branch="false"/>

<line number="414" hits="4" branch="false"/>

<line number="169" hits="0" branch="false"/>

<line number="854" hits="5" branch="false"/>

<line number="651" hits="95" branch="false"/>

<line number="434" hits="13" branch="false"/>

<line number="495" hits="11" branch="false"/>

<line number="350" hits="4" branch="false"/>

<line number="393" hits="1" branch="false"/>

<line number="754" hits="1" branch="false"/>

<line number="411" hits="2" branch="false"/>

<line number="334" hits="118" branch="false"/>

<line number="321" hits="10" branch="false"/>

<line number="800" hits="2" branch="false"/>

<line number="65" hits="12" branch="false"/>

<line number="22" hits="11" branch="false"/>

<line number="763" hits="6" branch="false"/>

<line number="315" hits="2" branch="false"/>

<line number="225" hits="1" branch="false"/>

<line number="305" hits="1029" branch="false"/>

<line number="300" hits="8" branch="false"/>

<line number="718" hits="10" branch="false"/>

<line number="419" hits="6" branch="false"/>

<line number="197" hits="0" branch="false"/>

<line number="768" hits="1" branch="false"/>

<line number="838" hits="0" branch="false"/>

<line number="175" hits="6" branch="false"/>

<line number="664" hits="9" branch="false"/>

<line number="353" hits="1" branch="false"/>

<line number="712" hits="33" branch="false"/>

<line number="472" hits="3" branch="false"/>

<line number="302" hits="0" branch="false"/>

<line number="913" hits="2" branch="false"/>

<line number="89" hits="1916" branch="false"/>

<line number="590" hits="1" branch="false"/>

<line number="523" hits="77" branch="false"/>

<line number="193" hits="981" branch="false"/>

<line number="151" hits="2" branch="false"/>

<line number="388" hits="13" branch="false"/>

<line number="53" hits="0" branch="false"/>

<line number="17" hits="5" branch="false"/>

<line number="110" hits="5" branch="false"/>

<line number="804" hits="1" branch="false"/>

<line number="526" hits="5" branch="false"/>

<line number="602" hits="13" branch="false"/>

<line number="277" hits="16" branch="false"/>

<line number="37" hits="0" branch="false"/>

<line number="539" hits="35" branch="false"/>

<line number="176" hits="6" branch="false"/>

<line number="217" hits="473" branch="false"/>

<line number="64" hits="17" branch="false"/>

<line number="702" hits="1" branch="false"/>

<line number="634" hits="4" branch="false"/>

<line number="653" hits="17" branch="false"/>

<line number="510" hits="1" branch="false"/>

<line number="686" hits="1" branch="false"/>

<line number="182" hits="7" branch="false"/>

<line number="608" hits="10" branch="false"/>

<line number="183" hits="0" branch="false"/>

<line number="70" hits="41" branch="false"/>

<line number="442" hits="6" branch="false"/>

<line number="382" hits="13" branch="false"/>

<line number="812" hits="1" branch="false"/>

<line number="886" hits="3" branch="false"/>

<line number="207" hits="0" branch="false"/>

<line number="228" hits="1" branch="false"/>

<line number="361" hits="5" branch="false"/>

<line number="67" hits="8" branch="false"/>

<line number="214" hits="0" branch="false"/>

<line number="680" hits="3" branch="false"/>

<line number="425" hits="5" branch="false"/>

<line number="776" hits="2" branch="false"/>

<line number="521" hits="29" branch="false"/>

<line number="668" hits="8" branch="false"/>

<line number="283" hits="0" branch="false"/>

<line number="693" hits="12" branch="false"/>

<line number="829" hits="1" branch="false"/>

<line number="869" hits="0" branch="false"/>

<line number="587" hits="1" branch="false"/>

<line number="337" hits="76" branch="false"/>

<line number="731" hits="18" branch="false"/>

<line number="403" hits="3" branch="false"/>

<line number="90" hits="2915" branch="false"/>

<line number="63" hits="32" branch="false"/>

<line number="746" hits="23" branch="false"/>

<line number="251" hits="6" branch="false"/>

<line number="422" hits="5" branch="false"/>

<line number="102" hits="50" branch="false"/>

<line number="462" hits="1" branch="false"/>

<line number="280" hits="18" branch="false"/>

<line number="118" hits="54" branch="false"/>

<line number="378" hits="27" branch="false"/>

<line number="43" hits="23" branch="false"/>

<line number="240" hits="1" branch="false"/>

<line number="364" hits="2" branch="false"/>

<line number="866" hits="0" branch="false"/>

<line number="47" hits="0" branch="false"/>

<line number="579" hits="1" branch="false"/>

<line number="582" hits="8" branch="false"/>

<line number="34" hits="0" branch="false"/>

<line number="198" hits="0" branch="false"/>

<line number="165" hits="30" branch="false"/>

<line number="848" hits="1" branch="false"/>

<line number="616" hits="2" branch="false"/>

<line number="486" hits="11" branch="false"/>

<line number="252" hits="6" branch="false"/>

<line number="62" hits="11" branch="false"/>

<line number="740" hits="4" branch="false"/>

<line number="780" hits="1" branch="false"/>

<line number="208" hits="0" branch="false"/>

<line number="293" hits="0" branch="false"/>

<line number="116" hits="8" branch="false"/>

<line number="124" hits="81" branch="false"/>

<line number="795" hits="1" branch="false"/>

<line number="274" hits="2" branch="false"/>

<line number="699" hits="1" branch="false"/>

<line number="475" hits="11" branch="false"/>

<line number="370" hits="37" branch="false"/>

<line number="55" hits="1" branch="false"/>

<line number="327" hits="11" branch="false"/>

<line number="530" hits="2" branch="false"/>

<line number="562" hits="11" branch="false"/>

<line number="880" hits="3" branch="false"/>

<line number="538" hits="16" branch="false"/>

<line number="57" hits="365" branch="false"/>

<line number="73" hits="46" branch="false"/>

<line number="324" hits="3" branch="false"/>

<line number="269" hits="18" branch="false"/>

<line number="27" hits="11" branch="false"/>

<line number="318" hits="5" branch="false"/>

<line number="518" hits="1" branch="false"/>

<line number="478" hits="3" branch="false"/>

<line number="517" hits="3" branch="false"/>

<line number="737" hits="33" branch="false"/>

<line number="428" hits="10" branch="false"/>

<line number="525" hits="7" branch="false"/>

<line number="268" hits="0" branch="false"/>

<line number="56" hits="685" branch="false"/>

<line number="890" hits="4" branch="false"/>

<line number="253" hits="0" branch="false"/>

<line number="271" hits="18" branch="false"/>

<line number="642" hits="10" branch="false"/>

<line number="192" hits="473" branch="false"/>

<line number="58" hits="370" branch="false"/>

<line number="789" hits="1" branch="false"/>

<line number="99" hits="21" branch="false"/>

<line number="683" hits="2" branch="false"/>

<line number="215" hits="473" branch="false"/>

<line number="188" hits="544" branch="false"/>

<line number="887" hits="1" branch="false"/>

<line number="844" hits="0" branch="false"/>

<line number="549" hits="16" branch="false"/>

<line number="126" hits="3" branch="false"/>

<line number="375" hits="13" branch="false"/>

<line number="492" hits="7" branch="false"/>

<line number="196" hits="0" branch="false"/>

<line number="552" hits="4" branch="false"/>

<line number="543" hits="20" branch="false"/>

<line number="400" hits="1" branch="false"/>

<line number="600" hits="115" branch="false"/>

<line number="489" hits="5" branch="false"/>

<line number="531" hits="1" branch="false"/>

<line number="560" hits="4" branch="false"/>

<line number="80" hits="62" branch="false"/>

<line number="91" hits="1916" branch="false"/>

  </lines>
</class>

<class name="unit-test.k" filename="unit-test.k" line-rate="0.9047619047619048" branch-rate="0.9047619047619048" complexity="21.0">
  <lines>
    
<line number="54" hits="0" branch="false"/>

<line number="53" hits="7" branch="false"/>

<line number="57" hits="7" branch="false"/>

<line number="27" hits="1486" branch="false"/>

<line number="37" hits="473" branch="false"/>

<line number="30" hits="473" branch="false"/>

<line number="44" hits="2" branch="false"/>

<line number="23" hits="466" branch="false"/>

<line number="16" hits="438" branch="false"/>

<line number="28" hits="1489" branch="false"/>

<line number="8" hits="2" branch="false"/>

<line number="11" hits="21" branch="false"/>

<line number="19" hits="918" branch="false"/>

<line number="47" hits="473" branch="false"/>

<line number="26" hits="1962" branch="false"/>

<line number="12" hits="918" branch="false"/>

<line number="55" hits="4" branch="false"/>

<line number="41" hits="543" branch="false"/>

<line number="38" hits="0" branch="false"/>

<line number="24" hits="7" branch="false"/>

<line number="35" hits="473" branch="false"/>

  </lines>
</class>

      </classes>
    </package>
  </packages>
</coverage>

